<?xml version="1.0" encoding="UTF-8"?>
<!-- Generated by org.testng.reporters.JUnitReportReporter -->
<testsuite hostname="CHNMCT369326L" failures="0" tests="2" name="com.testCases.TelevisionTC" time="76.405" errors="0" timestamp="07 Aug 2020 10:20:03 GMT" skipped="0">
  <testcase classname="com.testCases.TelevisionTC" name="TC_001_SamsungTelevisionfunctionality" time="39.555"/>
  <testcase classname="com.testCases.TelevisionTC" name="TC_002_OnePlusTelevisionfunctionality" time="36.850"/>
</testsuite> <!-- com.testCases.TelevisionTC -->
