<?xml version="1.0" encoding="UTF-8"?>
<!-- Generated by org.testng.reporters.JUnitReportReporter -->
<testsuite hostname="CHNMCT369326L" failures="0" tests="3" name="com.testCases.MobileTC" time="89.526" errors="0" timestamp="07 Aug 2020 08:27:59 GMT" skipped="0">
  <testcase classname="com.testCases.MobileTC" name="TC_003_RealmeMobileFunctionality" time="21.315"/>
  <testcase classname="com.testCases.MobileTC" name="TC_001_LGMobileFunctionality" time="28.607"/>
  <testcase classname="com.testCases.MobileTC" name="TC_002_OppoMobileFunctionality" time="39.604"/>
</testsuite> <!-- com.testCases.MobileTC -->
