<?xml version="1.0" encoding="UTF-8"?>
<!-- Generated by org.testng.reporters.JUnitReportReporter -->
<testsuite hostname="CHNMCT369326L" failures="0" tests="2" name="com.testCases.TestFlow" time="128.821" errors="0" timestamp="31 Jul 2020 10:43:42 GMT" skipped="0">
  <testcase classname="com.testCases.TestFlow" name="TC_001_AppleLaptopFunctionality" time="27.890"/>
  <testcase classname="com.testCases.TestFlow" name="TC_002_AppleLaptopFunctionality" time="100.931"/>
</testsuite> <!-- com.testCases.TestFlow -->
